# Frequency Response
# roommeasure.py ch:L loc:0
# Numpoints = 1000
# SamplingRate = 48000 Hz
# Frequency(Hz)   Magnitude(dB) Phase
1.0000e+00	-5.9765e+01	0.0000e+00
1.0101e+00	-5.9827e+01	0.0000e+00
1.0204e+00	-5.9915e+01	0.0000e+00
1.0308e+00	-6.0023e+01	0.0000e+00
1.0412e+00	-6.0141e+01	0.0000e+00
1.0518e+00	-6.0263e+01	0.0000e+00
1.0624e+00	-6.0389e+01	0.0000e+00
1.0732e+00	-6.0517e+01	0.0000e+00
1.0841e+00	-6.0648e+01	0.0000e+00
1.0951e+00	-6.0781e+01	0.0000e+00
1.1062e+00	-6.0914e+01	0.0000e+00
1.1175e+00	-6.1048e+01	0.0000e+00
1.1288e+00	-6.1184e+01	0.0000e+00
1.1402e+00	-6.1324e+01	0.0000e+00
1.1518e+00	-6.1467e+01	0.0000e+00
1.1635e+00	-6.1614e+01	0.0000e+00
1.1753e+00	-6.1765e+01	0.0000e+00
1.1872e+00	-6.1920e+01	0.0000e+00
1.1993e+00	-6.2079e+01	0.0000e+00
1.2115e+00	-6.2244e+01	0.0000e+00
1.2237e+00	-6.2413e+01	0.0000e+00
1.2362e+00	-6.2587e+01	0.0000e+00
1.2487e+00	-6.2767e+01	0.0000e+00
1.2614e+00	-6.2952e+01	0.0000e+00
1.2742e+00	-6.3144e+01	0.0000e+00
1.2871e+00	-6.3341e+01	0.0000e+00
1.3002e+00	-6.3546e+01	0.0000e+00
1.3134e+00	-6.3757e+01	0.0000e+00
1.3267e+00	-6.3976e+01	0.0000e+00
1.3401e+00	-6.4203e+01	0.0000e+00
1.3537e+00	-6.4438e+01	0.0000e+00
1.3675e+00	-6.4683e+01	0.0000e+00
1.3814e+00	-6.4937e+01	0.0000e+00
1.3954e+00	-6.5202e+01	0.0000e+00
1.4095e+00	-6.5477e+01	0.0000e+00
1.4238e+00	-6.5764e+01	0.0000e+00
1.4383e+00	-6.6058e+01	0.0000e+00
1.4529e+00	-6.6349e+01	0.0000e+00
1.4676e+00	-6.6616e+01	0.0000e+00
1.4825e+00	-6.6848e+01	0.0000e+00
1.4976e+00	-6.7056e+01	0.0000e+00
1.5128e+00	-6.7258e+01	0.0000e+00
1.5281e+00	-6.7463e+01	0.0000e+00
1.5436e+00	-6.7675e+01	0.0000e+00
1.5593e+00	-6.7894e+01	0.0000e+00
1.5751e+00	-6.8121e+01	0.0000e+00
1.5911e+00	-6.8357e+01	0.0000e+00
1.6072e+00	-6.8602e+01	0.0000e+00
1.6235e+00	-6.8856e+01	0.0000e+00
1.6400e+00	-6.9121e+01	0.0000e+00
1.6566e+00	-6.9397e+01	0.0000e+00
1.6735e+00	-6.9685e+01	0.0000e+00
1.6904e+00	-6.9986e+01	0.0000e+00
1.7076e+00	-7.0301e+01	0.0000e+00
1.7249e+00	-7.0631e+01	0.0000e+00
1.7424e+00	-7.0978e+01	0.0000e+00
1.7601e+00	-7.1343e+01	0.0000e+00
1.7780e+00	-7.1725e+01	0.0000e+00
1.7960e+00	-7.2116e+01	0.0000e+00
1.8142e+00	-7.2471e+01	0.0000e+00
1.8326e+00	-7.2711e+01	0.0000e+00
1.8512e+00	-7.2788e+01	0.0000e+00
1.8700e+00	-7.2743e+01	0.0000e+00
1.8890e+00	-7.2645e+01	0.0000e+00
1.9082e+00	-7.2534e+01	0.0000e+00
1.9275e+00	-7.2422e+01	0.0000e+00
1.9471e+00	-7.2311e+01	0.0000e+00
1.9668e+00	-7.2199e+01	0.0000e+00
1.9868e+00	-7.2088e+01	0.0000e+00
2.0070e+00	-7.1977e+01	0.0000e+00
2.0273e+00	-7.1867e+01	0.0000e+00
2.0479e+00	-7.1757e+01	0.0000e+00
2.0687e+00	-7.1647e+01	0.0000e+00
2.0897e+00	-7.1537e+01	0.0000e+00
2.1109e+00	-7.1428e+01	0.0000e+00
2.1323e+00	-7.1318e+01	0.0000e+00
2.1539e+00	-7.1208e+01	0.0000e+00
2.1758e+00	-7.1095e+01	0.0000e+00
2.1979e+00	-7.0972e+01	0.0000e+00
2.2202e+00	-7.0837e+01	0.0000e+00
2.2427e+00	-7.0694e+01	0.0000e+00
2.2654e+00	-7.0547e+01	0.0000e+00
2.2884e+00	-7.0401e+01	0.0000e+00
2.3116e+00	-7.0256e+01	0.0000e+00
2.3351e+00	-7.0112e+01	0.0000e+00
2.3588e+00	-6.9969e+01	0.0000e+00
2.3827e+00	-6.9826e+01	0.0000e+00
2.4069e+00	-6.9685e+01	0.0000e+00
2.4313e+00	-6.9544e+01	0.0000e+00
2.4560e+00	-6.9404e+01	0.0000e+00
2.4809e+00	-6.9265e+01	0.0000e+00
2.5061e+00	-6.9129e+01	0.0000e+00
2.5315e+00	-6.8999e+01	0.0000e+00
2.5572e+00	-6.8885e+01	0.0000e+00
2.5832e+00	-6.8794e+01	0.0000e+00
2.6094e+00	-6.8723e+01	0.0000e+00
2.6359e+00	-6.8661e+01	0.0000e+00
2.6626e+00	-6.8603e+01	0.0000e+00
2.6896e+00	-6.8545e+01	0.0000e+00
2.7169e+00	-6.8487e+01	0.0000e+00
2.7445e+00	-6.8428e+01	0.0000e+00
2.7723e+00	-6.8370e+01	0.0000e+00
2.8005e+00	-6.8311e+01	0.0000e+00
2.8289e+00	-6.8252e+01	0.0000e+00
2.8576e+00	-6.8194e+01	0.0000e+00
2.8866e+00	-6.8136e+01	0.0000e+00
2.9159e+00	-6.8084e+01	0.0000e+00
2.9455e+00	-6.8039e+01	0.0000e+00
2.9753e+00	-6.8001e+01	0.0000e+00
3.0055e+00	-6.7967e+01	0.0000e+00
3.0360e+00	-6.7935e+01	0.0000e+00
3.0668e+00	-6.7903e+01	0.0000e+00
3.0980e+00	-6.7870e+01	0.0000e+00
3.1294e+00	-6.7838e+01	0.0000e+00
3.1611e+00	-6.7805e+01	0.0000e+00
3.1932e+00	-6.7773e+01	0.0000e+00
3.2256e+00	-6.7741e+01	0.0000e+00
3.2583e+00	-6.7714e+01	0.0000e+00
3.2914e+00	-6.7699e+01	0.0000e+00
3.3248e+00	-6.7702e+01	0.0000e+00
3.3585e+00	-6.7719e+01	0.0000e+00
3.3926e+00	-6.7744e+01	0.0000e+00
3.4271e+00	-6.7771e+01	0.0000e+00
3.4618e+00	-6.7799e+01	0.0000e+00
3.4970e+00	-6.7827e+01	0.0000e+00
3.5324e+00	-6.7855e+01	0.0000e+00
3.5683e+00	-6.7884e+01	0.0000e+00
3.6045e+00	-6.7913e+01	0.0000e+00
3.6411e+00	-6.7941e+01	0.0000e+00
3.6780e+00	-6.7967e+01	0.0000e+00
3.7153e+00	-6.7991e+01	0.0000e+00
3.7530e+00	-6.8013e+01	0.0000e+00
3.7911e+00	-6.8036e+01	0.0000e+00
3.8296e+00	-6.8059e+01	0.0000e+00
3.8684e+00	-6.8081e+01	0.0000e+00
3.9077e+00	-6.8105e+01	0.0000e+00
3.9473e+00	-6.8130e+01	0.0000e+00
3.9874e+00	-6.8161e+01	0.0000e+00
4.0279e+00	-6.8205e+01	0.0000e+00
4.0687e+00	-6.8270e+01	0.0000e+00
4.1100e+00	-6.8349e+01	0.0000e+00
4.1517e+00	-6.8436e+01	0.0000e+00
4.1938e+00	-6.8527e+01	0.0000e+00
4.2364e+00	-6.8620e+01	0.0000e+00
4.2794e+00	-6.8715e+01	0.0000e+00
4.3228e+00	-6.8813e+01	0.0000e+00
4.3667e+00	-6.8919e+01	0.0000e+00
4.4110e+00	-6.9036e+01	0.0000e+00
4.4557e+00	-6.9165e+01	0.0000e+00
4.5010e+00	-6.9304e+01	0.0000e+00
4.5466e+00	-6.9450e+01	0.0000e+00
4.5928e+00	-6.9600e+01	0.0000e+00
4.6394e+00	-6.9754e+01	0.0000e+00
4.6864e+00	-6.9917e+01	0.0000e+00
4.7340e+00	-7.0095e+01	0.0000e+00
4.7820e+00	-7.0297e+01	0.0000e+00
4.8306e+00	-7.0524e+01	0.0000e+00
4.8796e+00	-7.0773e+01	0.0000e+00
4.9291e+00	-7.1036e+01	0.0000e+00
4.9791e+00	-7.1312e+01	0.0000e+00
5.0296e+00	-7.1602e+01	0.0000e+00
5.0807e+00	-7.1912e+01	0.0000e+00
5.1322e+00	-7.2253e+01	0.0000e+00
5.1843e+00	-7.2634e+01	0.0000e+00
5.2369e+00	-7.3053e+01	0.0000e+00
5.2900e+00	-7.3506e+01	0.0000e+00
5.3437e+00	-7.3990e+01	0.0000e+00
5.3979e+00	-7.4508e+01	0.0000e+00
5.4527e+00	-7.5064e+01	0.0000e+00
5.5080e+00	-7.5663e+01	0.0000e+00
5.5639e+00	-7.6311e+01	0.0000e+00
5.6204e+00	-7.7017e+01	0.0000e+00
5.6774e+00	-7.7793e+01	0.0000e+00
5.7350e+00	-7.8649e+01	0.0000e+00
5.7932e+00	-7.9586e+01	0.0000e+00
5.8520e+00	-8.0580e+01	0.0000e+00
5.9114e+00	-8.1610e+01	0.0000e+00
5.9714e+00	-8.2694e+01	0.0000e+00
6.0320e+00	-8.3889e+01	0.0000e+00
6.0932e+00	-8.5228e+01	0.0000e+00
6.1550e+00	-8.6588e+01	0.0000e+00
6.2174e+00	-8.7538e+01	0.0000e+00
6.2805e+00	-8.7634e+01	0.0000e+00
6.3443e+00	-8.7002e+01	0.0000e+00
6.4086e+00	-8.6095e+01	0.0000e+00
6.4737e+00	-8.5172e+01	0.0000e+00
6.5394e+00	-8.4276e+01	0.0000e+00
6.6057e+00	-8.3384e+01	0.0000e+00
6.6727e+00	-8.2490e+01	0.0000e+00
6.7404e+00	-8.1624e+01	0.0000e+00
6.8088e+00	-8.0819e+01	0.0000e+00
6.8779e+00	-8.0105e+01	0.0000e+00
6.9477e+00	-7.9517e+01	0.0000e+00
7.0182e+00	-7.9067e+01	0.0000e+00
7.0894e+00	-7.8718e+01	0.0000e+00
7.1614e+00	-7.8422e+01	0.0000e+00
7.2340e+00	-7.8161e+01	0.0000e+00
7.3074e+00	-7.7946e+01	0.0000e+00
7.3816e+00	-7.7791e+01	0.0000e+00
7.4565e+00	-7.7686e+01	0.0000e+00
7.5322e+00	-7.7611e+01	0.0000e+00
7.6086e+00	-7.7568e+01	0.0000e+00
7.6858e+00	-7.7583e+01	0.0000e+00
7.7638e+00	-7.7679e+01	0.0000e+00
7.8426e+00	-7.7842e+01	0.0000e+00
7.9221e+00	-7.8043e+01	0.0000e+00
8.0025e+00	-7.8274e+01	0.0000e+00
8.0837e+00	-7.8543e+01	0.0000e+00
8.1657e+00	-7.8856e+01	0.0000e+00
8.2486e+00	-7.9209e+01	0.0000e+00
8.3323e+00	-7.9600e+01	0.0000e+00
8.4169e+00	-8.0044e+01	0.0000e+00
8.5023e+00	-8.0558e+01	0.0000e+00
8.5885e+00	-8.1143e+01	0.0000e+00
8.6757e+00	-8.1787e+01	0.0000e+00
8.7637e+00	-8.2473e+01	0.0000e+00
8.8526e+00	-8.3192e+01	0.0000e+00
8.9425e+00	-8.3948e+01	0.0000e+00
9.0332e+00	-8.4751e+01	0.0000e+00
9.1249e+00	-8.5597e+01	0.0000e+00
9.2175e+00	-8.6474e+01	0.0000e+00
9.3110e+00	-8.7377e+01	0.0000e+00
9.4055e+00	-8.8290e+01	0.0000e+00
9.5009e+00	-8.9128e+01	0.0000e+00
9.5973e+00	-8.9783e+01	0.0000e+00
9.6947e+00	-9.0240e+01	0.0000e+00
9.7931e+00	-9.0554e+01	0.0000e+00
9.8924e+00	-9.0748e+01	0.0000e+00
9.9928e+00	-9.0814e+01	0.0000e+00
1.0094e+01	-9.0771e+01	0.0000e+00
1.0197e+01	-9.0640e+01	0.0000e+00
1.0300e+01	-9.0416e+01	0.0000e+00
1.0405e+01	-9.0117e+01	0.0000e+00
1.0510e+01	-8.9813e+01	0.0000e+00
1.0617e+01	-8.9592e+01	0.0000e+00
1.0725e+01	-8.9496e+01	0.0000e+00
1.0833e+01	-8.9497e+01	0.0000e+00
1.0943e+01	-8.9538e+01	0.0000e+00
1.1054e+01	-8.9591e+01	0.0000e+00
1.1167e+01	-8.9664e+01	0.0000e+00
1.1280e+01	-8.9800e+01	0.0000e+00
1.1394e+01	-9.0055e+01	0.0000e+00
1.1510e+01	-9.0451e+01	0.0000e+00
1.1627e+01	-9.0951e+01	0.0000e+00
1.1745e+01	-9.1500e+01	0.0000e+00
1.1864e+01	-9.2083e+01	0.0000e+00
1.1984e+01	-9.2749e+01	0.0000e+00
1.2106e+01	-9.3601e+01	0.0000e+00
1.2229e+01	-9.4731e+01	0.0000e+00
1.2353e+01	-9.6155e+01	0.0000e+00
1.2478e+01	-9.7826e+01	0.0000e+00
1.2605e+01	-9.9625e+01	0.0000e+00
1.2733e+01	-1.0118e+02	0.0000e+00
1.2862e+01	-1.0180e+02	0.0000e+00
1.2992e+01	-1.0106e+02	0.0000e+00
1.3124e+01	-9.9355e+01	0.0000e+00
1.3257e+01	-9.7255e+01	0.0000e+00
1.3392e+01	-9.5097e+01	0.0000e+00
1.3528e+01	-9.3029e+01	0.0000e+00
1.3665e+01	-9.1123e+01	0.0000e+00
1.3804e+01	-8.9454e+01	0.0000e+00
1.3944e+01	-8.8064e+01	0.0000e+00
1.4085e+01	-8.6920e+01	0.0000e+00
1.4228e+01	-8.5942e+01	0.0000e+00
1.4373e+01	-8.5072e+01	0.0000e+00
1.4518e+01	-8.4306e+01	0.0000e+00
1.4666e+01	-8.3667e+01	0.0000e+00
1.4815e+01	-8.3166e+01	0.0000e+00
1.4965e+01	-8.2781e+01	0.0000e+00
1.5117e+01	-8.2489e+01	0.0000e+00
1.5270e+01	-8.2281e+01	0.0000e+00
1.5425e+01	-8.2162e+01	0.0000e+00
1.5582e+01	-8.2140e+01	0.0000e+00
1.5740e+01	-8.2231e+01	0.0000e+00
1.5899e+01	-8.2443e+01	0.0000e+00
1.6061e+01	-8.2781e+01	0.0000e+00
1.6224e+01	-8.3256e+01	0.0000e+00
1.6388e+01	-8.3905e+01	0.0000e+00
1.6555e+01	-8.4787e+01	0.0000e+00
1.6723e+01	-8.5939e+01	0.0000e+00
1.6892e+01	-8.7336e+01	0.0000e+00
1.7064e+01	-8.8853e+01	0.0000e+00
1.7237e+01	-9.0193e+01	0.0000e+00
1.7412e+01	-9.0884e+01	0.0000e+00
1.7588e+01	-9.0531e+01	0.0000e+00
1.7767e+01	-8.9257e+01	0.0000e+00
1.7947e+01	-8.7634e+01	0.0000e+00
1.8129e+01	-8.6142e+01	0.0000e+00
1.8313e+01	-8.5002e+01	0.0000e+00
1.8499e+01	-8.4270e+01	0.0000e+00
1.8687e+01	-8.3917e+01	0.0000e+00
1.8876e+01	-8.3908e+01	0.0000e+00
1.9068e+01	-8.4228e+01	0.0000e+00
1.9261e+01	-8.4886e+01	0.0000e+00
1.9457e+01	-8.5892e+01	0.0000e+00
1.9654e+01	-8.7232e+01	0.0000e+00
1.9854e+01	-8.8842e+01	0.0000e+00
2.0055e+01	-9.0618e+01	0.0000e+00
2.0259e+01	-9.2353e+01	0.0000e+00
2.0464e+01	-9.3530e+01	0.0000e+00
2.0672e+01	-9.3414e+01	0.0000e+00
2.0882e+01	-9.1841e+01	0.0000e+00
2.1093e+01	-8.9519e+01	0.0000e+00
2.1308e+01	-8.7208e+01	0.0000e+00
2.1524e+01	-8.5210e+01	0.0000e+00
2.1742e+01	-8.3567e+01	0.0000e+00
2.1963e+01	-8.2311e+01	0.0000e+00
2.2186e+01	-8.1469e+01	0.0000e+00
2.2411e+01	-8.1031e+01	0.0000e+00
2.2638e+01	-8.0988e+01	0.0000e+00
2.2868e+01	-8.1351e+01	0.0000e+00
2.3100e+01	-8.2156e+01	0.0000e+00
2.3334e+01	-8.3441e+01	0.0000e+00
2.3571e+01	-8.5221e+01	0.0000e+00
2.3810e+01	-8.7416e+01	0.0000e+00
2.4052e+01	-8.9614e+01	0.0000e+00
2.4296e+01	-9.0793e+01	0.0000e+00
2.4542e+01	-9.0033e+01	0.0000e+00
2.4791e+01	-8.7878e+01	0.0000e+00
2.5043e+01	-8.5511e+01	0.0000e+00
2.5297e+01	-8.3550e+01	0.0000e+00
2.5554e+01	-8.2149e+01	0.0000e+00
2.5813e+01	-8.1313e+01	0.0000e+00
2.6075e+01	-8.1051e+01	0.0000e+00
2.6340e+01	-8.1409e+01	0.0000e+00
2.6607e+01	-8.2443e+01	0.0000e+00
2.6877e+01	-8.4110e+01	0.0000e+00
2.7150e+01	-8.5984e+01	0.0000e+00
2.7425e+01	-8.7056e+01	0.0000e+00
2.7703e+01	-8.6627e+01	0.0000e+00
2.7984e+01	-8.5303e+01	0.0000e+00
2.8268e+01	-8.3989e+01	0.0000e+00
2.8555e+01	-8.3064e+01	0.0000e+00
2.8845e+01	-8.2506e+01	0.0000e+00
2.9138e+01	-8.2147e+01	0.0000e+00
2.9433e+01	-8.1911e+01	0.0000e+00
2.9732e+01	-8.1896e+01	0.0000e+00
3.0034e+01	-8.2344e+01	0.0000e+00
3.0338e+01	-8.3581e+01	0.0000e+00
3.0646e+01	-8.5771e+01	0.0000e+00
3.0957e+01	-8.8112e+01	0.0000e+00
3.1271e+01	-8.8213e+01	0.0000e+00
3.1589e+01	-8.5540e+01	0.0000e+00
3.1909e+01	-8.2457e+01	0.0000e+00
3.2233e+01	-8.0217e+01	0.0000e+00
3.2560e+01	-7.8878e+01	0.0000e+00
3.2890e+01	-7.8190e+01	0.0000e+00
3.3224e+01	-7.7942e+01	0.0000e+00
3.3561e+01	-7.8069e+01	0.0000e+00
3.3902e+01	-7.8660e+01	0.0000e+00
3.4246e+01	-7.9923e+01	0.0000e+00
3.4593e+01	-8.2032e+01	0.0000e+00
3.4944e+01	-8.4684e+01	0.0000e+00
3.5299e+01	-8.6309e+01	0.0000e+00
3.5657e+01	-8.5440e+01	0.0000e+00
3.6019e+01	-8.3535e+01	0.0000e+00
3.6384e+01	-8.2286e+01	0.0000e+00
3.6754e+01	-8.1870e+01	0.0000e+00
3.7127e+01	-8.1658e+01	0.0000e+00
3.7503e+01	-8.1054e+01	0.0000e+00
3.7884e+01	-8.0163e+01	0.0000e+00
3.8268e+01	-7.9548e+01	0.0000e+00
3.8657e+01	-7.9636e+01	0.0000e+00
3.9049e+01	-8.0597e+01	0.0000e+00
3.9445e+01	-8.2466e+01	0.0000e+00
3.9845e+01	-8.4998e+01	0.0000e+00
4.0250e+01	-8.6734e+01	0.0000e+00
4.0658e+01	-8.5446e+01	0.0000e+00
4.1071e+01	-8.2468e+01	0.0000e+00
4.1487e+01	-8.0430e+01	0.0000e+00
4.1908e+01	-8.0207e+01	0.0000e+00
4.2334e+01	-8.1694e+01	0.0000e+00
4.2763e+01	-8.4120e+01	0.0000e+00
4.3197e+01	-8.5724e+01	0.0000e+00
4.3635e+01	-8.4910e+01	0.0000e+00
4.4078e+01	-8.2584e+01	0.0000e+00
4.4525e+01	-8.0466e+01	0.0000e+00
4.4977e+01	-7.9358e+01	0.0000e+00
4.5434e+01	-7.9135e+01	0.0000e+00
4.5895e+01	-7.8631e+01	0.0000e+00
4.6360e+01	-7.6521e+01	0.0000e+00
4.6831e+01	-7.3322e+01	0.0000e+00
4.7306e+01	-7.0244e+01	0.0000e+00
4.7786e+01	-6.7615e+01	0.0000e+00
4.8271e+01	-6.5378e+01	0.0000e+00
4.8761e+01	-6.3640e+01	0.0000e+00
4.9255e+01	-6.2501e+01	0.0000e+00
4.9755e+01	-6.1861e+01	0.0000e+00
5.0260e+01	-6.1629e+01	0.0000e+00
5.0770e+01	-6.1923e+01	0.0000e+00
5.1285e+01	-6.2959e+01	0.0000e+00
5.1806e+01	-6.4747e+01	0.0000e+00
5.2331e+01	-6.6791e+01	0.0000e+00
5.2862e+01	-6.8248e+01	0.0000e+00
5.3399e+01	-6.8798e+01	0.0000e+00
5.3941e+01	-6.8942e+01	0.0000e+00
5.4488e+01	-6.9092e+01	0.0000e+00
5.5041e+01	-6.8938e+01	0.0000e+00
5.5599e+01	-6.7977e+01	0.0000e+00
5.6163e+01	-6.6537e+01	0.0000e+00
5.6733e+01	-6.5258e+01	0.0000e+00
5.7309e+01	-6.4159e+01	0.0000e+00
5.7891e+01	-6.2869e+01	0.0000e+00
5.8478e+01	-6.1258e+01	0.0000e+00
5.9071e+01	-5.9527e+01	0.0000e+00
5.9671e+01	-5.7927e+01	0.0000e+00
6.0276e+01	-5.6619e+01	0.0000e+00
6.0888e+01	-5.5689e+01	0.0000e+00
6.1506e+01	-5.5196e+01	0.0000e+00
6.2130e+01	-5.5197e+01	0.0000e+00
6.2760e+01	-5.5680e+01	0.0000e+00
6.3397e+01	-5.6503e+01	0.0000e+00
6.4040e+01	-5.7525e+01	0.0000e+00
6.4690e+01	-5.8794e+01	0.0000e+00
6.5347e+01	-6.0499e+01	0.0000e+00
6.6010e+01	-6.2758e+01	0.0000e+00
6.6679e+01	-6.5456e+01	0.0000e+00
6.7356e+01	-6.8116e+01	0.0000e+00
6.8039e+01	-6.9488e+01	0.0000e+00
6.8730e+01	-6.7969e+01	0.0000e+00
6.9427e+01	-6.4580e+01	0.0000e+00
7.0132e+01	-6.1475e+01	0.0000e+00
7.0843e+01	-5.9247e+01	0.0000e+00
7.1562e+01	-5.7522e+01	0.0000e+00
7.2288e+01	-5.5834e+01	0.0000e+00
7.3022e+01	-5.4068e+01	0.0000e+00
7.3763e+01	-5.2406e+01	0.0000e+00
7.4511e+01	-5.0961e+01	0.0000e+00
7.5267e+01	-4.9638e+01	0.0000e+00
7.6031e+01	-4.8342e+01	0.0000e+00
7.6803e+01	-4.7097e+01	0.0000e+00
7.7582e+01	-4.5969e+01	0.0000e+00
7.8369e+01	-4.5013e+01	0.0000e+00
7.9164e+01	-4.4222e+01	0.0000e+00
7.9968e+01	-4.3515e+01	0.0000e+00
8.0779e+01	-4.2851e+01	0.0000e+00
8.1599e+01	-4.2322e+01	0.0000e+00
8.2427e+01	-4.2027e+01	0.0000e+00
8.3263e+01	-4.1898e+01	0.0000e+00
8.4108e+01	-4.1745e+01	0.0000e+00
8.4961e+01	-4.1407e+01	0.0000e+00
8.5824e+01	-4.0853e+01	0.0000e+00
8.6694e+01	-4.0158e+01	0.0000e+00
8.7574e+01	-3.9403e+01	0.0000e+00
8.8463e+01	-3.8611e+01	0.0000e+00
8.9360e+01	-3.7788e+01	0.0000e+00
9.0267e+01	-3.6955e+01	0.0000e+00
9.1183e+01	-3.6136e+01	0.0000e+00
9.2108e+01	-3.5378e+01	0.0000e+00
9.3043e+01	-3.4731e+01	0.0000e+00
9.3987e+01	-3.4207e+01	0.0000e+00
9.4941e+01	-3.3766e+01	0.0000e+00
9.5904e+01	-3.3335e+01	0.0000e+00
9.6877e+01	-3.2842e+01	0.0000e+00
9.7860e+01	-3.2275e+01	0.0000e+00
9.8853e+01	-3.1659e+01	0.0000e+00
9.9856e+01	-3.1011e+01	0.0000e+00
1.0087e+02	-3.0350e+01	0.0000e+00
1.0189e+02	-2.9703e+01	0.0000e+00
1.0293e+02	-2.9078e+01	0.0000e+00
1.0397e+02	-2.8453e+01	0.0000e+00
1.0503e+02	-2.7796e+01	0.0000e+00
1.0609e+02	-2.7086e+01	0.0000e+00
1.0717e+02	-2.6317e+01	0.0000e+00
1.0826e+02	-2.5496e+01	0.0000e+00
1.0935e+02	-2.4628e+01	0.0000e+00
1.1046e+02	-2.3695e+01	0.0000e+00
1.1159e+02	-2.2678e+01	0.0000e+00
1.1272e+02	-2.1603e+01	0.0000e+00
1.1386e+02	-2.0523e+01	0.0000e+00
1.1502e+02	-1.9483e+01	0.0000e+00
1.1618e+02	-1.8503e+01	0.0000e+00
1.1736e+02	-1.7567e+01	0.0000e+00
1.1855e+02	-1.6653e+01	0.0000e+00
1.1976e+02	-1.5801e+01	0.0000e+00
1.2097e+02	-1.5159e+01	0.0000e+00
1.2220e+02	-1.4946e+01	0.0000e+00
1.2344e+02	-1.5318e+01	0.0000e+00
1.2469e+02	-1.6232e+01	0.0000e+00
1.2596e+02	-1.7415e+01	0.0000e+00
1.2723e+02	-1.8524e+01	0.0000e+00
1.2853e+02	-1.9358e+01	0.0000e+00
1.2983e+02	-1.9913e+01	0.0000e+00
1.3115e+02	-2.0297e+01	0.0000e+00
1.3248e+02	-2.0643e+01	0.0000e+00
1.3382e+02	-2.1073e+01	0.0000e+00
1.3518e+02	-2.1688e+01	0.0000e+00
1.3655e+02	-2.2546e+01	0.0000e+00
1.3794e+02	-2.3621e+01	0.0000e+00
1.3934e+02	-2.4776e+01	0.0000e+00
1.4075e+02	-2.5746e+01	0.0000e+00
1.4218e+02	-2.6228e+01	0.0000e+00
1.4362e+02	-2.6131e+01	0.0000e+00
1.4508e+02	-2.5662e+01	0.0000e+00
1.4655e+02	-2.5114e+01	0.0000e+00
1.4804e+02	-2.4678e+01	0.0000e+00
1.4954e+02	-2.4469e+01	0.0000e+00
1.5106e+02	-2.4528e+01	0.0000e+00
1.5259e+02	-2.4789e+01	0.0000e+00
1.5414e+02	-2.5102e+01	0.0000e+00
1.5570e+02	-2.5300e+01	0.0000e+00
1.5728e+02	-2.5308e+01	0.0000e+00
1.5888e+02	-2.5190e+01	0.0000e+00
1.6049e+02	-2.5083e+01	0.0000e+00
1.6212e+02	-2.5088e+01	0.0000e+00
1.6376e+02	-2.5227e+01	0.0000e+00
1.6543e+02	-2.5465e+01	0.0000e+00
1.6711e+02	-2.5745e+01	0.0000e+00
1.6880e+02	-2.5991e+01	0.0000e+00
1.7051e+02	-2.6115e+01	0.0000e+00
1.7224e+02	-2.6070e+01	0.0000e+00
1.7399e+02	-2.5872e+01	0.0000e+00
1.7576e+02	-2.5609e+01	0.0000e+00
1.7754e+02	-2.5414e+01	0.0000e+00
1.7934e+02	-2.5409e+01	0.0000e+00
1.8116e+02	-2.5632e+01	0.0000e+00
1.8300e+02	-2.6025e+01	0.0000e+00
1.8486e+02	-2.6494e+01	0.0000e+00
1.8673e+02	-2.6943e+01	0.0000e+00
1.8863e+02	-2.7251e+01	0.0000e+00
1.9054e+02	-2.7340e+01	0.0000e+00
1.9248e+02	-2.7296e+01	0.0000e+00
1.9443e+02	-2.7323e+01	0.0000e+00
1.9640e+02	-2.7589e+01	0.0000e+00
1.9839e+02	-2.8116e+01	0.0000e+00
2.0041e+02	-2.8702e+01	0.0000e+00
2.0244e+02	-2.9061e+01	0.0000e+00
2.0449e+02	-2.9171e+01	0.0000e+00
2.0657e+02	-2.9287e+01	0.0000e+00
2.0867e+02	-2.9579e+01	0.0000e+00
2.1078e+02	-3.0067e+01	0.0000e+00
2.1292e+02	-3.0787e+01	0.0000e+00
2.1508e+02	-3.1693e+01	0.0000e+00
2.1726e+02	-3.2194e+01	0.0000e+00
2.1947e+02	-3.1167e+01	0.0000e+00
2.2170e+02	-2.8740e+01	0.0000e+00
2.2395e+02	-2.6377e+01	0.0000e+00
2.2622e+02	-2.4921e+01	0.0000e+00
2.2851e+02	-2.4438e+01	0.0000e+00
2.3083e+02	-2.4773e+01	0.0000e+00
2.3317e+02	-2.5822e+01	0.0000e+00
2.3554e+02	-2.7555e+01	0.0000e+00
2.3793e+02	-2.9792e+01	0.0000e+00
2.4035e+02	-3.1710e+01	0.0000e+00
2.4278e+02	-3.2120e+01	0.0000e+00
2.4525e+02	-3.1110e+01	0.0000e+00
2.4774e+02	-2.9697e+01	0.0000e+00
2.5025e+02	-2.8547e+01	0.0000e+00
2.5279e+02	-2.8034e+01	0.0000e+00
2.5535e+02	-2.8219e+01	0.0000e+00
2.5795e+02	-2.8761e+01	0.0000e+00
2.6056e+02	-2.9210e+01	0.0000e+00
2.6321e+02	-2.9143e+01	0.0000e+00
2.6588e+02	-2.8142e+01	0.0000e+00
2.6858e+02	-2.6406e+01	0.0000e+00
2.7130e+02	-2.4787e+01	0.0000e+00
2.7405e+02	-2.3859e+01	0.0000e+00
2.7683e+02	-2.3563e+01	0.0000e+00
2.7964e+02	-2.3456e+01	0.0000e+00
2.8248e+02	-2.3078e+01	0.0000e+00
2.8535e+02	-2.2330e+01	0.0000e+00
2.8824e+02	-2.1565e+01	0.0000e+00
2.9117e+02	-2.1199e+01	0.0000e+00
2.9412e+02	-2.1324e+01	0.0000e+00
2.9711e+02	-2.1725e+01	0.0000e+00
3.0012e+02	-2.2171e+01	0.0000e+00
3.0317e+02	-2.2603e+01	0.0000e+00
3.0624e+02	-2.3098e+01	0.0000e+00
3.0935e+02	-2.3750e+01	0.0000e+00
3.1249e+02	-2.4647e+01	0.0000e+00
3.1566e+02	-2.5941e+01	0.0000e+00
3.1886e+02	-2.7888e+01	0.0000e+00
3.2210e+02	-3.0407e+01	0.0000e+00
3.2537e+02	-3.1925e+01	0.0000e+00
3.2867e+02	-3.0694e+01	0.0000e+00
3.3200e+02	-2.8297e+01	0.0000e+00
3.3537e+02	-2.6476e+01	0.0000e+00
3.3878e+02	-2.5454e+01	0.0000e+00
3.4221e+02	-2.4936e+01	0.0000e+00
3.4569e+02	-2.4699e+01	0.0000e+00
3.4919e+02	-2.4670e+01	0.0000e+00
3.5274e+02	-2.4726e+01	0.0000e+00
3.5632e+02	-2.4666e+01	0.0000e+00
3.5993e+02	-2.4466e+01	0.0000e+00
3.6358e+02	-2.4471e+01	0.0000e+00
3.6727e+02	-2.5214e+01	0.0000e+00
3.7100e+02	-2.6907e+01	0.0000e+00
3.7476e+02	-2.8866e+01	0.0000e+00
3.7857e+02	-2.9544e+01	0.0000e+00
3.8241e+02	-2.8572e+01	0.0000e+00
3.8629e+02	-2.7191e+01	0.0000e+00
3.9021e+02	-2.6147e+01	0.0000e+00
3.9417e+02	-2.5535e+01	0.0000e+00
3.9817e+02	-2.5390e+01	0.0000e+00
4.0221e+02	-2.5728e+01	0.0000e+00
4.0629e+02	-2.6338e+01	0.0000e+00
4.1041e+02	-2.6909e+01	0.0000e+00
4.1458e+02	-2.7363e+01	0.0000e+00
4.1878e+02	-2.7779e+01	0.0000e+00
4.2303e+02	-2.8169e+01	0.0000e+00
4.2732e+02	-2.8444e+01	0.0000e+00
4.3166e+02	-2.8274e+01	0.0000e+00
4.3604e+02	-2.7536e+01	0.0000e+00
4.4046e+02	-2.6743e+01	0.0000e+00
4.4493e+02	-2.6300e+01	0.0000e+00
4.4945e+02	-2.5986e+01	0.0000e+00
4.5401e+02	-2.5344e+01	0.0000e+00
4.5862e+02	-2.4428e+01	0.0000e+00
4.6327e+02	-2.3802e+01	0.0000e+00
4.6797e+02	-2.3870e+01	0.0000e+00
4.7272e+02	-2.4685e+01	0.0000e+00
4.7752e+02	-2.5939e+01	0.0000e+00
4.8236e+02	-2.6855e+01	0.0000e+00
4.8726e+02	-2.6776e+01	0.0000e+00
4.9220e+02	-2.5909e+01	0.0000e+00
4.9719e+02	-2.4991e+01	0.0000e+00
5.0224e+02	-2.4538e+01	0.0000e+00
5.0734e+02	-2.4570e+01	0.0000e+00
5.1248e+02	-2.4971e+01	0.0000e+00
5.1768e+02	-2.5615e+01	0.0000e+00
5.2294e+02	-2.6165e+01	0.0000e+00
5.2824e+02	-2.6266e+01	0.0000e+00
5.3360e+02	-2.5894e+01	0.0000e+00
5.3902e+02	-2.5492e+01	0.0000e+00
5.4449e+02	-2.5839e+01	0.0000e+00
5.5001e+02	-2.7453e+01	0.0000e+00
5.5559e+02	-2.9781e+01	0.0000e+00
5.6123e+02	-3.0428e+01	0.0000e+00
5.6693e+02	-2.8113e+01	0.0000e+00
5.7268e+02	-2.5167e+01	0.0000e+00
5.7849e+02	-2.3307e+01	0.0000e+00
5.8436e+02	-2.2775e+01	0.0000e+00
5.9029e+02	-2.3011e+01	0.0000e+00
5.9628e+02	-2.3321e+01	0.0000e+00
6.0233e+02	-2.3635e+01	0.0000e+00
6.0844e+02	-2.4101e+01	0.0000e+00
6.1461e+02	-2.4502e+01	0.0000e+00
6.2085e+02	-2.4819e+01	0.0000e+00
6.2715e+02	-2.5746e+01	0.0000e+00
6.3351e+02	-2.7975e+01	0.0000e+00
6.3994e+02	-3.1059e+01	0.0000e+00
6.4644e+02	-3.3001e+01	0.0000e+00
6.5300e+02	-3.2605e+01	0.0000e+00
6.5962e+02	-3.0842e+01	0.0000e+00
6.6632e+02	-2.8694e+01	0.0000e+00
6.7308e+02	-2.6846e+01	0.0000e+00
6.7991e+02	-2.5825e+01	0.0000e+00
6.8681e+02	-2.5918e+01	0.0000e+00
6.9377e+02	-2.6757e+01	0.0000e+00
7.0081e+02	-2.7189e+01	0.0000e+00
7.0793e+02	-2.6563e+01	0.0000e+00
7.1511e+02	-2.5451e+01	0.0000e+00
7.2236e+02	-2.4405e+01	0.0000e+00
7.2969e+02	-2.3447e+01	0.0000e+00
7.3710e+02	-2.2396e+01	0.0000e+00
7.4458e+02	-2.1232e+01	0.0000e+00
7.5213e+02	-2.0301e+01	0.0000e+00
7.5977e+02	-2.0066e+01	0.0000e+00
7.6747e+02	-2.0707e+01	0.0000e+00
7.7526e+02	-2.1998e+01	0.0000e+00
7.8313e+02	-2.3528e+01	0.0000e+00
7.9108e+02	-2.4984e+01	0.0000e+00
7.9910e+02	-2.5995e+01	0.0000e+00
8.0721e+02	-2.6132e+01	0.0000e+00
8.1540e+02	-2.5533e+01	0.0000e+00
8.2368e+02	-2.4927e+01	0.0000e+00
8.3203e+02	-2.4806e+01	0.0000e+00
8.4048e+02	-2.5097e+01	0.0000e+00
8.4900e+02	-2.5520e+01	0.0000e+00
8.5762e+02	-2.5806e+01	0.0000e+00
8.6632e+02	-2.5880e+01	0.0000e+00
8.7511e+02	-2.6187e+01	0.0000e+00
8.8399e+02	-2.7237e+01	0.0000e+00
8.9296e+02	-2.8429e+01	0.0000e+00
9.0202e+02	-2.8195e+01	0.0000e+00
9.1118e+02	-2.6718e+01	0.0000e+00
9.2042e+02	-2.5602e+01	0.0000e+00
9.2976e+02	-2.5736e+01	0.0000e+00
9.3920e+02	-2.7324e+01	0.0000e+00
9.4873e+02	-2.9950e+01	0.0000e+00
9.5835e+02	-3.2621e+01	0.0000e+00
9.6808e+02	-3.4736e+01	0.0000e+00
9.7790e+02	-3.5356e+01	0.0000e+00
9.8782e+02	-3.2864e+01	0.0000e+00
9.9785e+02	-2.9004e+01	0.0000e+00
1.0080e+03	-2.6039e+01	0.0000e+00
1.0182e+03	-2.4399e+01	0.0000e+00
1.0285e+03	-2.3878e+01	0.0000e+00
1.0390e+03	-2.4306e+01	0.0000e+00
1.0495e+03	-2.5312e+01	0.0000e+00
1.0602e+03	-2.5939e+01	0.0000e+00
1.0709e+03	-2.5372e+01	0.0000e+00
1.0818e+03	-2.4359e+01	0.0000e+00
1.0928e+03	-2.4072e+01	0.0000e+00
1.1038e+03	-2.4136e+01	0.0000e+00
1.1150e+03	-2.3284e+01	0.0000e+00
1.1264e+03	-2.2229e+01	0.0000e+00
1.1378e+03	-2.2700e+01	0.0000e+00
1.1493e+03	-2.4832e+01	0.0000e+00
1.1610e+03	-2.7037e+01	0.0000e+00
1.1728e+03	-2.8094e+01	0.0000e+00
1.1847e+03	-2.8409e+01	0.0000e+00
1.1967e+03	-2.8100e+01	0.0000e+00
1.2088e+03	-2.6939e+01	0.0000e+00
1.2211e+03	-2.5152e+01	0.0000e+00
1.2335e+03	-2.3429e+01	0.0000e+00
1.2460e+03	-2.2281e+01	0.0000e+00
1.2587e+03	-2.1801e+01	0.0000e+00
1.2714e+03	-2.1970e+01	0.0000e+00
1.2843e+03	-2.2610e+01	0.0000e+00
1.2974e+03	-2.3243e+01	0.0000e+00
1.3105e+03	-2.3633e+01	0.0000e+00
1.3238e+03	-2.4034e+01	0.0000e+00
1.3373e+03	-2.4662e+01	0.0000e+00
1.3508e+03	-2.5563e+01	0.0000e+00
1.3645e+03	-2.6676e+01	0.0000e+00
1.3784e+03	-2.7750e+01	0.0000e+00
1.3924e+03	-2.8118e+01	0.0000e+00
1.4065e+03	-2.7748e+01	0.0000e+00
1.4208e+03	-2.7709e+01	0.0000e+00
1.4352e+03	-2.7933e+01	0.0000e+00
1.4498e+03	-2.7455e+01	0.0000e+00
1.4645e+03	-2.7080e+01	0.0000e+00
1.4793e+03	-2.7815e+01	0.0000e+00
1.4943e+03	-2.8821e+01	0.0000e+00
1.5095e+03	-2.8974e+01	0.0000e+00
1.5248e+03	-2.8714e+01	0.0000e+00
1.5403e+03	-2.8506e+01	0.0000e+00
1.5559e+03	-2.8045e+01	0.0000e+00
1.5717e+03	-2.7454e+01	0.0000e+00
1.5877e+03	-2.7365e+01	0.0000e+00
1.6038e+03	-2.7746e+01	0.0000e+00
1.6200e+03	-2.8436e+01	0.0000e+00
1.6365e+03	-2.9612e+01	0.0000e+00
1.6531e+03	-3.0133e+01	0.0000e+00
1.6699e+03	-2.8096e+01	0.0000e+00
1.6868e+03	-2.5154e+01	0.0000e+00
1.7039e+03	-2.3272e+01	0.0000e+00
1.7212e+03	-2.2754e+01	0.0000e+00
1.7387e+03	-2.3349e+01	0.0000e+00
1.7563e+03	-2.4669e+01	0.0000e+00
1.7741e+03	-2.6566e+01	0.0000e+00
1.7921e+03	-2.8624e+01	0.0000e+00
1.8103e+03	-2.9258e+01	0.0000e+00
1.8287e+03	-2.8300e+01	0.0000e+00
1.8472e+03	-2.7867e+01	0.0000e+00
1.8660e+03	-2.8863e+01	0.0000e+00
1.8849e+03	-3.0530e+01	0.0000e+00
1.9040e+03	-3.1781e+01	0.0000e+00
1.9234e+03	-3.2673e+01	0.0000e+00
1.9429e+03	-3.3884e+01	0.0000e+00
1.9626e+03	-3.4701e+01	0.0000e+00
1.9825e+03	-3.3864e+01	0.0000e+00
2.0026e+03	-3.2195e+01	0.0000e+00
2.0230e+03	-3.1109e+01	0.0000e+00
2.0435e+03	-3.0721e+01	0.0000e+00
2.0642e+03	-3.0367e+01	0.0000e+00
2.0852e+03	-2.9986e+01	0.0000e+00
2.1063e+03	-2.9923e+01	0.0000e+00
2.1277e+03	-3.0564e+01	0.0000e+00
2.1493e+03	-3.2012e+01	0.0000e+00
2.1711e+03	-3.3382e+01	0.0000e+00
2.1931e+03	-3.4462e+01	0.0000e+00
2.2154e+03	-3.5191e+01	0.0000e+00
2.2379e+03	-3.3564e+01	0.0000e+00
2.2606e+03	-3.0375e+01	0.0000e+00
2.2835e+03	-2.8081e+01	0.0000e+00
2.3067e+03	-2.7169e+01	0.0000e+00
2.3301e+03	-2.7339e+01	0.0000e+00
2.3537e+03	-2.8051e+01	0.0000e+00
2.3776e+03	-2.8559e+01	0.0000e+00
2.4017e+03	-2.8780e+01	0.0000e+00
2.4261e+03	-2.9233e+01	0.0000e+00
2.4507e+03	-2.9741e+01	0.0000e+00
2.4756e+03	-2.9175e+01	0.0000e+00
2.5007e+03	-2.7058e+01	0.0000e+00
2.5261e+03	-2.4513e+01	0.0000e+00
2.5517e+03	-2.2567e+01	0.0000e+00
2.5776e+03	-2.1549e+01	0.0000e+00
2.6038e+03	-2.1623e+01	0.0000e+00
2.6302e+03	-2.2723e+01	0.0000e+00
2.6569e+03	-2.4162e+01	0.0000e+00
2.6838e+03	-2.4848e+01	0.0000e+00
2.7111e+03	-2.4593e+01	0.0000e+00
2.7386e+03	-2.4400e+01	0.0000e+00
2.7664e+03	-2.4494e+01	0.0000e+00
2.7944e+03	-2.4700e+01	0.0000e+00
2.8228e+03	-2.5829e+01	0.0000e+00
2.8514e+03	-2.7801e+01	0.0000e+00
2.8804e+03	-2.8560e+01	0.0000e+00
2.9096e+03	-2.8271e+01	0.0000e+00
2.9391e+03	-2.8650e+01	0.0000e+00
2.9689e+03	-2.8820e+01	0.0000e+00
2.9991e+03	-2.7641e+01	0.0000e+00
3.0295e+03	-2.5733e+01	0.0000e+00
3.0602e+03	-2.4130e+01	0.0000e+00
3.0913e+03	-2.3509e+01	0.0000e+00
3.1226e+03	-2.3836e+01	0.0000e+00
3.1543e+03	-2.4280e+01	0.0000e+00
3.1863e+03	-2.3951e+01	0.0000e+00
3.2187e+03	-2.3518e+01	0.0000e+00
3.2513e+03	-2.4185e+01	0.0000e+00
3.2843e+03	-2.5603e+01	0.0000e+00
3.3176e+03	-2.6411e+01	0.0000e+00
3.3513e+03	-2.6767e+01	0.0000e+00
3.3853e+03	-2.8169e+01	0.0000e+00
3.4197e+03	-3.0825e+01	0.0000e+00
3.4544e+03	-3.2209e+01	0.0000e+00
3.4894e+03	-3.0391e+01	0.0000e+00
3.5248e+03	-2.8180e+01	0.0000e+00
3.5606e+03	-2.7540e+01	0.0000e+00
3.5967e+03	-2.7915e+01	0.0000e+00
3.6332e+03	-2.7674e+01	0.0000e+00
3.6701e+03	-2.6304e+01	0.0000e+00
3.7073e+03	-2.4865e+01	0.0000e+00
3.7449e+03	-2.4249e+01	0.0000e+00
3.7829e+03	-2.4685e+01	0.0000e+00
3.8213e+03	-2.6008e+01	0.0000e+00
3.8601e+03	-2.7086e+01	0.0000e+00
3.8993e+03	-2.6366e+01	0.0000e+00
3.9388e+03	-2.4692e+01	0.0000e+00
3.9788e+03	-2.3925e+01	0.0000e+00
4.0192e+03	-2.4777e+01	0.0000e+00
4.0600e+03	-2.6479e+01	0.0000e+00
4.1012e+03	-2.7408e+01	0.0000e+00
4.1428e+03	-2.7666e+01	0.0000e+00
4.1848e+03	-2.7692e+01	0.0000e+00
4.2273e+03	-2.6718e+01	0.0000e+00
4.2702e+03	-2.5060e+01	0.0000e+00
4.3135e+03	-2.3995e+01	0.0000e+00
4.3573e+03	-2.4397e+01	0.0000e+00
4.4015e+03	-2.5490e+01	0.0000e+00
4.4461e+03	-2.5081e+01	0.0000e+00
4.4913e+03	-2.3391e+01	0.0000e+00
4.5368e+03	-2.1782e+01	0.0000e+00
4.5829e+03	-2.0050e+01	0.0000e+00
4.6294e+03	-1.8185e+01	0.0000e+00
4.6763e+03	-1.6816e+01	0.0000e+00
4.7238e+03	-1.5831e+01	0.0000e+00
4.7717e+03	-1.4730e+01	0.0000e+00
4.8201e+03	-1.3823e+01	0.0000e+00
4.8691e+03	-1.3401e+01	0.0000e+00
4.9185e+03	-1.3148e+01	0.0000e+00
4.9684e+03	-1.2854e+01	0.0000e+00
5.0188e+03	-1.2617e+01	0.0000e+00
5.0697e+03	-1.2534e+01	0.0000e+00
5.1212e+03	-1.2543e+01	0.0000e+00
5.1731e+03	-1.2540e+01	0.0000e+00
5.2256e+03	-1.2541e+01	0.0000e+00
5.2786e+03	-1.2728e+01	0.0000e+00
5.3322e+03	-1.3307e+01	0.0000e+00
5.3863e+03	-1.4018e+01	0.0000e+00
5.4410e+03	-1.4497e+01	0.0000e+00
5.4962e+03	-1.4985e+01	0.0000e+00
5.5519e+03	-1.5522e+01	0.0000e+00
5.6083e+03	-1.5764e+01	0.0000e+00
5.6652e+03	-1.5791e+01	0.0000e+00
5.7227e+03	-1.5878e+01	0.0000e+00
5.7807e+03	-1.5979e+01	0.0000e+00
5.8394e+03	-1.5827e+01	0.0000e+00
5.8986e+03	-1.5736e+01	0.0000e+00
5.9585e+03	-1.6583e+01	0.0000e+00
6.0190e+03	-1.8459e+01	0.0000e+00
6.0800e+03	-2.0106e+01	0.0000e+00
6.1417e+03	-2.0757e+01	0.0000e+00
6.2041e+03	-2.1386e+01	0.0000e+00
6.2670e+03	-2.2551e+01	0.0000e+00
6.3306e+03	-2.2949e+01	0.0000e+00
6.3948e+03	-2.1648e+01	0.0000e+00
6.4597e+03	-2.0341e+01	0.0000e+00
6.5253e+03	-1.9959e+01	0.0000e+00
6.5915e+03	-2.0257e+01	0.0000e+00
6.6584e+03	-2.1400e+01	0.0000e+00
6.7259e+03	-2.3471e+01	0.0000e+00
6.7942e+03	-2.5071e+01	0.0000e+00
6.8631e+03	-2.4753e+01	0.0000e+00
6.9328e+03	-2.3796e+01	0.0000e+00
7.0031e+03	-2.3406e+01	0.0000e+00
7.0742e+03	-2.3270e+01	0.0000e+00
7.1459e+03	-2.2712e+01	0.0000e+00
7.2185e+03	-2.1768e+01	0.0000e+00
7.2917e+03	-2.0943e+01	0.0000e+00
7.3657e+03	-1.9920e+01	0.0000e+00
7.4404e+03	-1.8386e+01	0.0000e+00
7.5159e+03	-1.7099e+01	0.0000e+00
7.5922e+03	-1.6576e+01	0.0000e+00
7.6692e+03	-1.6366e+01	0.0000e+00
7.7471e+03	-1.5700e+01	0.0000e+00
7.8257e+03	-1.4331e+01	0.0000e+00
7.9051e+03	-1.2808e+01	0.0000e+00
7.9853e+03	-1.1942e+01	0.0000e+00
8.0663e+03	-1.2044e+01	0.0000e+00
8.1482e+03	-1.2813e+01	0.0000e+00
8.2308e+03	-1.3570e+01	0.0000e+00
8.3144e+03	-1.3787e+01	0.0000e+00
8.3987e+03	-1.3761e+01	0.0000e+00
8.4839e+03	-1.4187e+01	0.0000e+00
8.5700e+03	-1.5012e+01	0.0000e+00
8.6570e+03	-1.5500e+01	0.0000e+00
8.7448e+03	-1.5698e+01	0.0000e+00
8.8336e+03	-1.6279e+01	0.0000e+00
8.9232e+03	-1.7450e+01	0.0000e+00
9.0137e+03	-1.8918e+01	0.0000e+00
9.1052e+03	-2.0014e+01	0.0000e+00
9.1976e+03	-2.0572e+01	0.0000e+00
9.2909e+03	-2.1392e+01	0.0000e+00
9.3852e+03	-2.2721e+01	0.0000e+00
9.4804e+03	-2.3820e+01	0.0000e+00
9.5766e+03	-2.4543e+01	0.0000e+00
9.6738e+03	-2.5210e+01	0.0000e+00
9.7720e+03	-2.5165e+01	0.0000e+00
9.8711e+03	-2.4745e+01	0.0000e+00
9.9713e+03	-2.5101e+01	0.0000e+00
1.0072e+04	-2.6105e+01	0.0000e+00
1.0175e+04	-2.6442e+01	0.0000e+00
1.0278e+04	-2.5422e+01	0.0000e+00
1.0382e+04	-2.4028e+01	0.0000e+00
1.0488e+04	-2.2965e+01	0.0000e+00
1.0594e+04	-2.2285e+01	0.0000e+00
1.0701e+04	-2.2077e+01	0.0000e+00
1.0810e+04	-2.1760e+01	0.0000e+00
1.0920e+04	-2.0613e+01	0.0000e+00
1.1031e+04	-1.9478e+01	0.0000e+00
1.1142e+04	-1.9281e+01	0.0000e+00
1.1256e+04	-1.9823e+01	0.0000e+00
1.1370e+04	-2.0419e+01	0.0000e+00
1.1485e+04	-2.0802e+01	0.0000e+00
1.1602e+04	-2.1192e+01	0.0000e+00
1.1719e+04	-2.1855e+01	0.0000e+00
1.1838e+04	-2.3046e+01	0.0000e+00
1.1958e+04	-2.4884e+01	0.0000e+00
1.2080e+04	-2.7267e+01	0.0000e+00
1.2202e+04	-2.9892e+01	0.0000e+00
1.2326e+04	-3.1941e+01	0.0000e+00
1.2451e+04	-3.2502e+01	0.0000e+00
1.2578e+04	-3.1777e+01	0.0000e+00
1.2705e+04	-3.0622e+01	0.0000e+00
1.2834e+04	-3.0103e+01	0.0000e+00
1.2964e+04	-3.0527e+01	0.0000e+00
1.3096e+04	-3.0621e+01	0.0000e+00
1.3229e+04	-2.9227e+01	0.0000e+00
1.3363e+04	-2.7441e+01	0.0000e+00
1.3499e+04	-2.6376e+01	0.0000e+00
1.3636e+04	-2.6246e+01	0.0000e+00
1.3774e+04	-2.6983e+01	0.0000e+00
1.3914e+04	-2.7991e+01	0.0000e+00
1.4055e+04	-2.8604e+01	0.0000e+00
1.4198e+04	-2.9377e+01	0.0000e+00
1.4342e+04	-3.0691e+01	0.0000e+00
1.4487e+04	-3.1538e+01	0.0000e+00
1.4634e+04	-3.2018e+01	0.0000e+00
1.4783e+04	-3.2972e+01	0.0000e+00
1.4933e+04	-3.3057e+01	0.0000e+00
1.5084e+04	-3.1768e+01	0.0000e+00
1.5237e+04	-3.0785e+01	0.0000e+00
1.5392e+04	-3.0493e+01	0.0000e+00
1.5548e+04	-3.0300e+01	0.0000e+00
1.5706e+04	-3.0061e+01	0.0000e+00
1.5865e+04	-3.0113e+01	0.0000e+00
1.6026e+04	-3.0170e+01	0.0000e+00
1.6189e+04	-2.9554e+01	0.0000e+00
1.6353e+04	-2.8580e+01	0.0000e+00
1.6519e+04	-2.8283e+01	0.0000e+00
1.6687e+04	-2.9120e+01	0.0000e+00
1.6856e+04	-3.0232e+01	0.0000e+00
1.7027e+04	-3.0579e+01	0.0000e+00
1.7200e+04	-3.0637e+01	0.0000e+00
1.7374e+04	-3.0986e+01	0.0000e+00
1.7550e+04	-3.1174e+01	0.0000e+00
1.7729e+04	-3.0931e+01	0.0000e+00
1.7908e+04	-3.1007e+01	0.0000e+00
1.8090e+04	-3.1937e+01	0.0000e+00
1.8274e+04	-3.3641e+01	0.0000e+00
1.8459e+04	-3.5980e+01	0.0000e+00
1.8646e+04	-3.8895e+01	0.0000e+00
1.8836e+04	-4.1661e+01	0.0000e+00
1.9027e+04	-4.3080e+01	0.0000e+00
1.9220e+04	-4.3618e+01	0.0000e+00
1.9415e+04	-4.4618e+01	0.0000e+00
1.9612e+04	-4.6643e+01	0.0000e+00
1.9811e+04	-4.9634e+01	0.0000e+00
2.0012e+04	-5.3688e+01	0.0000e+00
2.0215e+04	-5.9070e+01	0.0000e+00
2.0420e+04	-6.4813e+01	0.0000e+00
2.0627e+04	-6.8539e+01	0.0000e+00
2.0837e+04	-7.0037e+01	0.0000e+00
2.1048e+04	-7.0797e+01	0.0000e+00
2.1262e+04	-7.1402e+01	0.0000e+00
2.1477e+04	-7.1930e+01	0.0000e+00
2.1695e+04	-7.2393e+01	0.0000e+00
2.1915e+04	-7.2798e+01	0.0000e+00
2.2138e+04	-7.3151e+01	0.0000e+00
2.2362e+04	-7.3455e+01	0.0000e+00
2.2589e+04	-7.3713e+01	0.0000e+00
2.2819e+04	-7.3924e+01	0.0000e+00
2.3050e+04	-7.4073e+01	0.0000e+00
2.3284e+04	-7.4095e+01	0.0000e+00
2.3520e+04	-7.3858e+01	0.0000e+00
2.3759e+04	-7.3327e+01	0.0000e+00
2.4000e+04	-7.2708e+01	0.0000e+00
